<?xml version="1.0" encoding="UTF-8"?>
<testsuite name="com.polarbookshop.catalogue_service.CatalogueServiceApplicationTests" tests="1" skipped="0" failures="0" errors="0" timestamp="2025-07-31T11:36:37.864Z" hostname="jen-Blade-Stealth" time="0.792">
  <properties/>
  <testcase name="contextLoads()" classname="com.polarbookshop.catalogue_service.CatalogueServiceApplicationTests" time="0.792"/>
  <system-out><![CDATA[12:36:36.370 [Test worker] INFO org.springframework.test.context.support.AnnotationConfigContextLoaderUtils -- Could not detect default configuration classes for test class [com.polarbookshop.catalogue_service.CatalogueServiceApplicationTests]: CatalogueServiceApplicationTests does not declare any static, non-private, non-final, nested classes annotated with @Configuration.
12:36:36.501 [Test worker] INFO org.springframework.boot.test.context.SpringBootTestContextBootstrapper -- Found @SpringBootConfiguration com.polarbookshop.catalogue_service.CatalogueServiceApplication for test class com.polarbookshop.catalogue_service.CatalogueServiceApplicationTests

  .   ____          _            __ _ _
 /\\ / ___'_ __ _ _(_)_ __  __ _ \ \ \ \
( ( )\___ | '_ | '_| | '_ \/ _` | \ \ \ \
 \\/  ___)| |_)| | | | | || (_| |  ) ) ) )
  '  |____| .__|_| |_|_| |_\__, | / / / /
 =========|_|==============|___/=/_/_/_/

 :: Spring Boot ::                (v3.4.8)

2025-07-31T12:36:36.885+01:00  INFO 16181 --- [catalogue-service] [    Test worker] c.p.c.CatalogueServiceApplicationTests   : Starting CatalogueServiceApplicationTests using Java 24.0.1 with PID 16181 (started by jen in /home/jen/IdeaProjects/cloud_native_book_examples/catalogue-service)
2025-07-31T12:36:36.887+01:00  INFO 16181 --- [catalogue-service] [    Test worker] c.p.c.CatalogueServiceApplicationTests   : No active profile set, falling back to 1 default profile: "default"
2025-07-31T12:36:37.851+01:00  INFO 16181 --- [catalogue-service] [    Test worker] c.p.c.CatalogueServiceApplicationTests   : Started CatalogueServiceApplicationTests in 1.212 seconds (process running for 2.325)
]]></system-out>
  <system-err><![CDATA[Mockito is currently self-attaching to enable the inline-mock-maker. This will no longer work in future releases of the JDK. Please add Mockito as an agent to your build what is described in Mockito's documentation: https://javadoc.io/doc/org.mockito/mockito-core/latest/org/mockito/Mockito.html#0.3
WARNING: A Java agent has been loaded dynamically (/home/jen/.gradle/caches/modules-2/files-2.1/net.bytebuddy/byte-buddy-agent/1.15.11/a38b16385e867f59a641330f0362ebe742788ed8/byte-buddy-agent-1.15.11.jar)
WARNING: If a serviceability tool is in use, please run with -XX:+EnableDynamicAgentLoading to hide this warning
WARNING: If a serviceability tool is not in use, please run with -Djdk.instrument.traceUsage for more information
WARNING: Dynamic loading of agents will be disallowed by default in a future release
]]></system-err>
</testsuite>
